c:\users\user\desktop\direct2dx_11_demo_0906\.temp\framework\framework.pch
c:\users\user\desktop\direct2dx_11_demo_0906\.out\framework\framework.pdb
c:\users\user\desktop\direct2dx_11_demo_0906\.out\framework\framework.idb
c:\users\user\desktop\direct2dx_11_demo_0906\.temp\framework\framework.obj
c:\users\user\desktop\direct2dx_11_demo_0906\.temp\framework\block.obj
c:\users\user\desktop\direct2dx_11_demo_0906\.temp\framework\character.obj
c:\users\user\desktop\direct2dx_11_demo_0906\.temp\framework\movement.obj
c:\users\user\desktop\direct2dx_11_demo_0906\.temp\framework\statecomponent.obj
c:\users\user\desktop\direct2dx_11_demo_0906\.temp\framework\tile.obj
c:\users\user\desktop\direct2dx_11_demo_0906\.temp\framework\animationrect.obj
c:\users\user\desktop\direct2dx_11_demo_0906\.temp\framework\blurtexture.obj
c:\users\user\desktop\direct2dx_11_demo_0906\.temp\framework\rect.obj
c:\users\user\desktop\direct2dx_11_demo_0906\.temp\framework\shadedtexture.obj
c:\users\user\desktop\direct2dx_11_demo_0906\.temp\framework\texturerect.obj
c:\users\user\desktop\direct2dx_11_demo_0906\.temp\framework\tilemap.obj
c:\users\user\desktop\direct2dx_11_demo_0906\.temp\framework\tileset.obj
c:\users\user\desktop\direct2dx_11_demo_0906\.temp\framework\tmap.obj
c:\users\user\desktop\direct2dx_11_demo_0906\.temp\framework\monster.obj
c:\users\user\desktop\direct2dx_11_demo_0906\.temp\framework\indexbuffer.obj
c:\users\user\desktop\direct2dx_11_demo_0906\.temp\framework\inputlayout.obj
c:\users\user\desktop\direct2dx_11_demo_0906\.temp\framework\vertexbuffer.obj
c:\users\user\desktop\direct2dx_11_demo_0906\.temp\framework\texture2d.obj
c:\users\user\desktop\direct2dx_11_demo_0906\.temp\framework\vertextype.obj
c:\users\user\desktop\direct2dx_11_demo_0906\.temp\framework\ishader.obj
c:\users\user\desktop\direct2dx_11_demo_0906\.temp\framework\pixelshader.obj
c:\users\user\desktop\direct2dx_11_demo_0906\.temp\framework\vertexshader.obj
c:\users\user\desktop\direct2dx_11_demo_0906\.temp\framework\states.obj
c:\users\user\desktop\direct2dx_11_demo_0906\.temp\framework\camera.obj
c:\users\user\desktop\direct2dx_11_demo_0906\.temp\framework\srv.obj
c:\users\user\desktop\direct2dx_11_demo_0906\.temp\framework\text.obj
c:\users\user\desktop\direct2dx_11_demo_0906\.temp\framework\unit.obj
c:\users\user\desktop\direct2dx_11_demo_0906\.temp\framework\animator.obj
c:\users\user\desktop\direct2dx_11_demo_0906\.temp\framework\graphics.obj
c:\users\user\desktop\direct2dx_11_demo_0906\.temp\framework\keyboard.obj
c:\users\user\desktop\direct2dx_11_demo_0906\.temp\framework\mouse.obj
c:\users\user\desktop\direct2dx_11_demo_0906\.temp\framework\time.obj
c:\users\user\desktop\direct2dx_11_demo_0906\.temp\framework\window.obj
c:\users\user\desktop\direct2dx_11_demo_0906\.temp\framework\boundingbox.obj
c:\users\user\desktop\direct2dx_11_demo_0906\.temp\framework\perception.obj
c:\users\user\desktop\direct2dx_11_demo_0906\.temp\framework\directhelper.obj
c:\users\user\desktop\direct2dx_11_demo_0906\.temp\framework\grid.obj
c:\users\user\desktop\direct2dx_11_demo_0906\.temp\framework\gui.obj
c:\users\user\desktop\direct2dx_11_demo_0906\.temp\framework\path.obj
c:\users\user\desktop\direct2dx_11_demo_0906\.temp\framework\rendertexture.obj
c:\users\user\desktop\direct2dx_11_demo_0906\.temp\framework\sound.obj
c:\users\user\desktop\direct2dx_11_demo_0906\.temp\framework\string.obj
c:\users\user\desktop\direct2dx_11_demo_0906\.temp\framework\border.obj
c:\users\user\desktop\direct2dx_11_demo_0906\.temp\framework\ui.obj
c:\users\user\desktop\direct2dx_11_demo_0906\.temp\framework\progressbar.obj
c:\users\user\desktop\direct2dx_11_demo_0906\.out\framework\framework.lib
c:\users\user\desktop\direct2dx_11_demo_0906\\.out\framework\framework.pdb
c:\users\user\desktop\direct2dx_11_demo_0906\.temp\framework\framework.tlog\cl.command.1.tlog
c:\users\user\desktop\direct2dx_11_demo_0906\.temp\framework\framework.tlog\cl.read.1.tlog
c:\users\user\desktop\direct2dx_11_demo_0906\.temp\framework\framework.tlog\cl.write.1.tlog
c:\users\user\desktop\direct2dx_11_demo_0906\.temp\framework\framework.tlog\lib-link.read.1.tlog
c:\users\user\desktop\direct2dx_11_demo_0906\.temp\framework\framework.tlog\lib-link.write.1.tlog
c:\users\user\desktop\direct2dx_11_demo_0906\.temp\framework\framework.tlog\lib.command.1.tlog
